
> frontend@0.0.0 build
> tsc -b && vite build

src/components/bonds/BondDetails.tsx(144,10): error TS6133: 'isMetadataLoading' is declared but its value is never read.
src/components/bonds/BondDetails.tsx(145,10): error TS6133: 'metadataError' is declared but its value is never read.
src/components/bonds/BondDetails.tsx(488,9): error TS6133: 'tradingStatus' is declared but its value is never read.
src/components/bonds/BondsTable.tsx(407,9): error TS2322: Type '(ColDef<any, any> | { field: string; headerName: string; checkboxSelection: true; headerCheckboxSelection: false; width: number; pinned: "left"; sortable: false; filter: boolean; ... 8 more ...; suppressSizeToFit?: undefined; } | { ...; })[]' is not assignable to type 'ColDef<any, any>[]'.
  Type 'ColDef<any, any> | { field: string; headerName: string; checkboxSelection: true; headerCheckboxSelection: false; width: number; pinned: "left"; sortable: false; filter: boolean; ... 8 more ...; suppressSizeToFit?: undefined; } | { ...; }' is not assignable to type 'ColDef<any, any>'.
    Type '{ field: string; headerName: string; checkboxSelection: true; headerCheckboxSelection: false; width: number; pinned: "left"; sortable: false; filter: boolean; suppressMenu: boolean; cellStyle: { ...; }; ... 6 more ...; suppressSizeToFit?: undefined; }' is not assignable to type 'ColDef<any, any>'.
      Types of property 'cellStyle' are incompatible.
        Type '{ textAlign: "center"; display?: undefined; alignItems?: undefined; justifyContent?: undefined; }' is not assignable to type 'CellStyle | CellStyleFunc<any, any, any> | undefined'.
          Type '{ textAlign: "center"; display?: undefined; alignItems?: undefined; justifyContent?: undefined; }' is not assignable to type 'CellStyle'.
            Property 'display' is incompatible with index signature.
              Type 'undefined' is not assignable to type 'string | number'.
src/components/bonds/BondsTable.tsx(1454,13): error TS2769: No overload matches this call.
  Overload 1 of 2, '(props: AgGridReactProps<BondListItem>): AgGridReact<BondListItem>', gave the following error.
    Type '{ ref: RefObject<AgGridReact<BondListItem> | null>; rowData: BondListItem[]; columnDefs: ColDef<any, any>[]; defaultColDef: ColDef<...>; ... 18 more ...; suppressHeaderTooltips: boolean; }' is not assignable to type 'IntrinsicAttributes & IntrinsicClassAttributes<AgGridReact<BondListItem>> & Readonly<AgGridReactProps<BondListItem>>'.
      Property 'suppressHeaderTooltips' does not exist on type 'IntrinsicAttributes & IntrinsicClassAttributes<AgGridReact<BondListItem>> & Readonly<AgGridReactProps<BondListItem>>'.
  Overload 2 of 2, '(props: AgGridReactProps<BondListItem>, context: any): AgGridReact<BondListItem>', gave the following error.
    Type '{ ref: RefObject<AgGridReact<BondListItem> | null>; rowData: BondListItem[]; columnDefs: ColDef<any, any>[]; defaultColDef: ColDef<...>; ... 18 more ...; suppressHeaderTooltips: boolean; }' is not assignable to type 'IntrinsicAttributes & IntrinsicClassAttributes<AgGridReact<BondListItem>> & Readonly<AgGridReactProps<BondListItem>>'.
      Property 'suppressHeaderTooltips' does not exist on type 'IntrinsicAttributes & IntrinsicClassAttributes<AgGridReact<BondListItem>> & Readonly<AgGridReactProps<BondListItem>>'.
src/components/common/ErrorBoundary.tsx(1,8): error TS6133: 'React' is declared but its value is never read.
src/components/filters/MaturityDateFilter.tsx(22,6): error TS2304: Cannot find name 'Box'.
src/components/filters/MaturityDateFilter.tsx(73,7): error TS2304: Cannot find name 'Box'.
src/components/ui/badge.tsx(2,40): error TS2307: Cannot find module 'class-variance-authority' or its corresponding type declarations.
src/components/ui/badge.tsx(4,20): error TS2307: Cannot find module '@/lib/utils' or its corresponding type declarations.
src/components/ui/badge.tsx(30,29): error TS2339: Property 'variant' does not exist on type 'BadgeProps'.
src/components/ui/button.tsx(2,22): error TS2307: Cannot find module '@radix-ui/react-slot' or its corresponding type declarations.
src/components/ui/button.tsx(3,40): error TS2307: Cannot find module 'class-variance-authority' or its corresponding type declarations.
src/components/ui/button.tsx(5,20): error TS2307: Cannot find module '@/lib/utils' or its corresponding type declarations.
src/components/ui/button.tsx(44,17): error TS2339: Property 'variant' does not exist on type 'ButtonProps'.
src/components/ui/button.tsx(44,26): error TS2339: Property 'size' does not exist on type 'ButtonProps'.
src/components/ui/card.tsx(3,20): error TS2307: Cannot find module '@/lib/utils' or its corresponding type declarations.
src/components/ui/input.tsx(3,20): error TS2307: Cannot find module '@/lib/utils' or its corresponding type declarations.
src/components/ui/table.tsx(3,20): error TS2307: Cannot find module '@/lib/utils' or its corresponding type declarations.
src/components/ui/tabs.tsx(2,32): error TS2307: Cannot find module '@radix-ui/react-tabs' or its corresponding type declarations.
src/components/ui/tabs.tsx(4,20): error TS2307: Cannot find module '@/lib/utils' or its corresponding type declarations.
src/stores/filtersStore.ts(83,34): error TS2345: Argument of type '(state: FiltersState) => { filters: { skip: string | number | string[] | number[] | null; couponMin: number | null; couponMax: number | null; yieldMin: number | null; yieldMax: number | null; ... 11 more ...; limit: number; }; }' is not assignable to parameter of type 'FiltersState | Partial<FiltersState> | ((state: FiltersState) => FiltersState | Partial<FiltersState>)'.
  Type '(state: FiltersState) => { filters: { skip: string | number | string[] | number[] | null; couponMin: number | null; couponMax: number | null; yieldMin: number | null; yieldMax: number | null; ... 11 more ...; limit: number; }; }' is not assignable to type '(state: FiltersState) => FiltersState | Partial<FiltersState>'.
    Type '{ filters: { skip: string | number | string[] | number[] | null; couponMin: number | null; couponMax: number | null; yieldMin: number | null; yieldMax: number | null; couponYieldMin: number | null; ... 10 more ...; limit: number; }; }' is not assignable to type 'FiltersState | Partial<FiltersState>'.
      Type '{ filters: { skip: string | number | string[] | number[] | null; couponMin: number | null; couponMax: number | null; yieldMin: number | null; yieldMax: number | null; couponYieldMin: number | null; ... 10 more ...; limit: number; }; }' is not assignable to type 'Partial<FiltersState>'.
        The types of 'filters.skip' are incompatible between these types.
          Type 'string | number | string[] | number[] | null' is not assignable to type 'number'.
            Type 'null' is not assignable to type 'number'.
src/utils/bondExport.ts(82,7): error TS6133: 'flattenDescriptions' is declared but its value is never read.
src/utils/bondExport.ts(125,25): error TS6133: 'descriptionsResponse' is declared but its value is never read.
src/utils/bondExport.ts(150,41): error TS2339: Property 'coupon_type' does not exist on type 'CouponsListResponse | { coupons: Coupon[]; }'.
  Property 'coupon_type' does not exist on type '{ coupons: Coupon[]; }'.
src/utils/llmDataExport.ts(83,7): error TS6133: 'flattenDescriptions' is declared but its value is never read.
src/utils/llmDataExport.ts(126,25): error TS6133: 'descriptionsResponse' is declared but its value is never read.
src/utils/portfolioImport.ts(227,5): error TS2353: Object literal may only specify known properties, and 'tradingStatus' does not exist in type 'BondFilters'.
